Flow report for 3DES
Wed Dec 04 22:50:37 2019
Quartus II 32-bit Version 12.1 Build 177 11/07/2012 SJ Web Edition


---------------------
; Table of Contents ;
---------------------
  1. Legal Notice
  2. Flow Summary
  3. Flow Settings
  4. Flow Non-Default Global Settings
  5. Flow Elapsed Time
  6. Flow OS Summary
  7. Flow Log



----------------
; Legal Notice ;
----------------
Copyright (C) 1991-2012 Altera Corporation
Your use of Altera Corporation's design tools, logic functions 
and other software and tools, and its AMPP partner logic 
functions, and any output files from any of the foregoing 
(including device programming or simulation files), and any 
associated documentation or information are expressly subject 
to the terms and conditions of the Altera Program License 
Subscription Agreement, Altera MegaCore Function License 
Agreement, or other applicable license agreement, including, 
without limitation, that your use is for the sole purpose of 
programming logic devices manufactured by Altera and sold by 
Altera or its authorized distributors.  Please refer to the 
applicable agreement for further details.



+-------------------------------------------------------------------------------+
; Flow Summary                                                                  ;
+------------------------------------+------------------------------------------+
; Flow Status                        ; Successful - Wed Dec 04 22:50:29 2019    ;
; Quartus II 32-bit Version          ; 12.1 Build 177 11/07/2012 SJ Web Edition ;
; Revision Name                      ; 3DES                                     ;
; Top-level Entity Name              ; Crypto                                   ;
; Family                             ; Cyclone IV GX                            ;
; Total logic elements               ; 595 / 109,424 ( < 1 % )                  ;
;     Total combinational functions  ; 595 / 109,424 ( < 1 % )                  ;
;     Dedicated logic registers      ; 0 / 109,424 ( 0 % )                      ;
; Total registers                    ; 0                                        ;
; Total pins                         ; 321 / 426 ( 75 % )                       ;
; Total virtual pins                 ; 0                                        ;
; Total memory bits                  ; 0 / 5,621,760 ( 0 % )                    ;
; Embedded Multiplier 9-bit elements ; 0 / 560 ( 0 % )                          ;
; Total GXB Receiver Channel PCS     ; 0 / 8 ( 0 % )                            ;
; Total GXB Receiver Channel PMA     ; 0 / 8 ( 0 % )                            ;
; Total GXB Transmitter Channel PCS  ; 0 / 8 ( 0 % )                            ;
; Total GXB Transmitter Channel PMA  ; 0 / 8 ( 0 % )                            ;
; Total PLLs                         ; 0 / 8 ( 0 % )                            ;
; Device                             ; EP4CGX110DF27C7                          ;
; Timing Models                      ; Final                                    ;
+------------------------------------+------------------------------------------+


+-----------------------------------------+
; Flow Settings                           ;
+-------------------+---------------------+
; Option            ; Setting             ;
+-------------------+---------------------+
; Start date & time ; 12/04/2019 22:49:42 ;
; Main task         ; Compilation         ;
; Revision Name     ; 3DES                ;
+-------------------+---------------------+


+-----------------------------------------------------------------------------------------------------------------+
; Flow Non-Default Global Settings                                                                                ;
+-------------------------------------+--------------------------------+---------------+-------------+------------+
; Assignment Name                     ; Value                          ; Default Value ; Entity Name ; Section Id ;
+-------------------------------------+--------------------------------+---------------+-------------+------------+
; COMPILER_SIGNATURE_ID               ; 18121609279995.157551058216216 ; --            ; --          ; --         ;
; PARTITION_COLOR                     ; 16764057                       ; --            ; Crypto      ; Top        ;
; PARTITION_FITTER_PRESERVATION_LEVEL ; PLACEMENT_AND_ROUTING          ; --            ; Crypto      ; Top        ;
; PARTITION_NETLIST_TYPE              ; SOURCE                         ; --            ; Crypto      ; Top        ;
; PROJECT_OUTPUT_DIRECTORY            ; output_files                   ; --            ; --          ; --         ;
; TOP_LEVEL_ENTITY                    ; Crypto                         ; 3DES          ; --          ; --         ;
+-------------------------------------+--------------------------------+---------------+-------------+------------+


+-------------------------------------------------------------------------------------------------------------------------------+
; Flow Elapsed Time                                                                                                             ;
+---------------------------+--------------+-------------------------+---------------------+------------------------------------+
; Module Name               ; Elapsed Time ; Average Processors Used ; Peak Virtual Memory ; Total CPU Time (on all processors) ;
+---------------------------+--------------+-------------------------+---------------------+------------------------------------+
; Analysis & Synthesis      ; 00:00:09     ; 1.0                     ; 433 MB              ; 00:00:08                           ;
; Fitter                    ; 00:00:27     ; 1.0                     ; 689 MB              ; 00:00:24                           ;
; Assembler                 ; 00:00:08     ; 1.0                     ; 402 MB              ; 00:00:08                           ;
; TimeQuest Timing Analyzer ; 00:00:07     ; 1.0                     ; 437 MB              ; 00:00:04                           ;
; Total                     ; 00:00:51     ; --                      ; --                  ; 00:00:44                           ;
+---------------------------+--------------+-------------------------+---------------------+------------------------------------+


+----------------------------------------------------------------------------------------+
; Flow OS Summary                                                                        ;
+---------------------------+------------------+-----------+------------+----------------+
; Module Name               ; Machine Hostname ; OS Name   ; OS Version ; Processor type ;
+---------------------------+------------------+-----------+------------+----------------+
; Analysis & Synthesis      ; DESKTOP-G50G4HQ  ; Windows 7 ; 6.2        ; x86_64         ;
; Fitter                    ; DESKTOP-G50G4HQ  ; Windows 7 ; 6.2        ; x86_64         ;
; Assembler                 ; DESKTOP-G50G4HQ  ; Windows 7 ; 6.2        ; x86_64         ;
; TimeQuest Timing Analyzer ; DESKTOP-G50G4HQ  ; Windows 7 ; 6.2        ; x86_64         ;
+---------------------------+------------------+-----------+------------+----------------+


------------
; Flow Log ;
------------
quartus_map --read_settings_files=on --write_settings_files=off 3DES -c 3DES
quartus_fit --read_settings_files=off --write_settings_files=off 3DES -c 3DES
quartus_asm --read_settings_files=off --write_settings_files=off 3DES -c 3DES
quartus_sta 3DES -c 3DES



